<?xml version="1.0" encoding="utf-8"?><testsuites name="pytest tests"><testsuite name="pytest" errors="0" failures="0" skipped="0" tests="17" time="5.031" timestamp="2026-09-16T12:08:59.804318+00:00" hostname="agent-env-99b8f73d-6760-437b-902d-a9232b9842d0"><testcase classname="tests.test_paulispan_ops" name="test_devolucao_opcoes" time="0.688" /><testcase classname="tests.test_paulispan_ops" name="test_devolucao_criar" time="0.734" /><testcase classname="tests.test_paulispan_ops" name="test_devolucao_listar" time="0.086" /><testcase classname="tests.test_paulispan_ops" name="test_devolucao_pedido_invalido" time="0.101" /><testcase classname="tests.test_paulispan_ops" name="test_caminhao_crud" time="0.261" /><testcase classname="tests.test_paulispan_ops" name="test_motorista_crud" time="0.104" /><testcase classname="tests.test_paulispan_ops" name="test_rota_criar_com_calculos" time="0.093" /><testcase classname="tests.test_paulispan_ops" name="test_rota_get" time="0.071" /><testcase classname="tests.test_paulispan_ops" name="test_agencia_promotor" time="0.275" /><testcase classname="tests.test_paulispan_ops" name="test_visita_manual_e_status" time="0.261" /><testcase classname="tests.test_paulispan_ops" name="test_visita_gerar_agenda_semanal" time="0.154" /><testcase classname="tests.test_paulispan_ops" name="test_ocorrencia_opcoes" time="0.076" /><testcase classname="tests.test_paulispan_ops" name="test_ocorrencia_crud" time="0.158" /><testcase classname="tests.test_paulispan_ops" name="test_analisar_sem_filtros" time="0.075" /><testcase classname="tests.test_paulispan_ops" name="test_analisar_filtro_cliente" time="0.109" /><testcase classname="tests.test_paulispan_ops" name="test_analisar_filtro_produto_periodo" time="0.076" /><testcase classname="tests.test_paulispan_ops" name="test_devolucao_delete" time="1.133" /></testsuite></testsuites>