<?xml version="1.0" encoding="utf-8"?><testsuites name="pytest tests"><testsuite name="pytest" errors="0" failures="0" skipped="0" tests="23" time="3.984" timestamp="2026-09-16T11:52:55.655381+00:00" hostname="agent-env-99b8f73d-6760-437b-902d-a9232b9842d0"><testcase classname="tests.test_paulispan_api" name="test_health" time="0.206" /><testcase classname="tests.test_paulispan_api" name="test_login_wrong_password_returns_401" time="0.406" /><testcase classname="tests.test_paulispan_api" name="test_me_without_cookie_returns_401" time="0.153" /><testcase classname="tests.test_paulispan_api" name="test_me_with_cookie" time="0.532" /><testcase classname="tests.test_paulispan_api" name="test_criar_cliente_auto_codigo" time="0.085" /><testcase classname="tests.test_paulispan_api" name="test_listar_clientes_com_filtro" time="0.080" /><testcase classname="tests.test_paulispan_api" name="test_get_cliente" time="0.085" /><testcase classname="tests.test_paulispan_api" name="test_resumo_cliente" time="0.079" /><testcase classname="tests.test_paulispan_api" name="test_update_cliente" time="0.083" /><testcase classname="tests.test_paulispan_api" name="test_criar_produto" time="0.079" /><testcase classname="tests.test_paulispan_api" name="test_criar_produto_sku_duplicado" time="0.077" /><testcase classname="tests.test_paulispan_api" name="test_listar_produtos" time="0.082" /><testcase classname="tests.test_paulispan_api" name="test_criar_pedido_sem_items_400" time="0.076" /><testcase classname="tests.test_paulispan_api" name="test_criar_pedido_ok" time="0.081" /><testcase classname="tests.test_paulispan_api" name="test_get_pedido" time="0.077" /><testcase classname="tests.test_paulispan_api" name="test_pedido_status_transitions" time="0.300" /><testcase classname="tests.test_paulispan_api" name="test_pedido_status_invalido_400" time="0.073" /><testcase classname="tests.test_paulispan_api" name="test_dashboard_kpis" time="0.081" /><testcase classname="tests.test_paulispan_api" name="test_financeiro_resultado" time="0.078" /><testcase classname="tests.test_paulispan_api" name="test_clientes_sem_auth_401" time="0.182" /><testcase classname="tests.test_paulispan_api" name="test_produtos_sem_auth_401" time="0.171" /><testcase classname="tests.test_paulispan_api" name="test_dashboard_sem_auth_401" time="0.162" /><testcase classname="tests.test_paulispan_api" name="test_zz_cleanup" time="0.236" /></testsuite></testsuites>